time="2024-02-14T13:32:15+05:00" level=info msg="create router" func="main.main()" file="app.go:16"
time="2024-02-14T13:32:15+05:00" level=info msg="create router" func="main.main()" file="app.go:16"
time="2024-02-14T13:32:15+05:00" level=info msg="register user handler" func="main.main()" file="app.go:18"
time="2024-02-14T13:32:15+05:00" level=info msg="register user handler" func="main.main()" file="app.go:18"
time="2024-02-14T13:34:07+05:00" level=info msg="create router" func="main.main()" file="app.go:17"
time="2024-02-14T13:34:07+05:00" level=info msg="create router" func="main.main()" file="app.go:17"
time="2024-02-14T13:34:07+05:00" level=info msg="register user handler" func="main.main()" file="app.go:19"
time="2024-02-14T13:34:07+05:00" level=info msg="register user handler" func="main.main()" file="app.go:19"
time="2024-02-14T13:35:56+05:00" level=info msg="create router" func="main.main()" file="app.go:16"
time="2024-02-14T13:35:56+05:00" level=info msg="create router" func="main.main()" file="app.go:16"
time="2024-02-14T13:35:56+05:00" level=info msg="register user handler" func="main.main()" file="app.go:18"
time="2024-02-14T13:35:56+05:00" level=info msg="register user handler" func="main.main()" file="app.go:18"
time="2024-02-14T13:35:56+05:00" level=info msg="start application" func="main.start()" file="app.go:27"
time="2024-02-14T13:35:56+05:00" level=info msg="start application" func="main.start()" file="app.go:27"
time="2024-02-14T13:35:56+05:00" level=info msg="server is listening port 127.0.0.1:3000" func="main.start()" file="app.go:38"
time="2024-02-14T13:35:56+05:00" level=info msg="server is listening port 127.0.0.1:3000" func="main.start()" file="app.go:38"
time="2024-02-14T13:39:41+05:00" level=info msg=------------------------------------------------- func="main.main()" file="app.go:16"
time="2024-02-14T13:39:41+05:00" level=info msg=------------------------------------------------- func="main.main()" file="app.go:16"
time="2024-02-14T13:39:41+05:00" level=info msg="create router" func="main.main()" file="app.go:17"
time="2024-02-14T13:39:41+05:00" level=info msg="register user handler" func="main.main()" file="app.go:19"
time="2024-02-14T13:39:41+05:00" level=info msg="start application" func="main.start()" file="app.go:28"
time="2024-02-14T13:39:41+05:00" level=info msg="server is listening port 127.0.0.1:3000" func="main.start()" file="app.go:39"
time="2024-02-14T14:27:01+05:00" level=info msg=------------------------------------------------- func="main.main()" file="app.go:21"
time="2024-02-14T14:27:01+05:00" level=info msg=------------------------------------------------- func="main.main()" file="app.go:21"
time="2024-02-14T14:27:01+05:00" level=info msg="create router" func="main.main()" file="app.go:22"
time="2024-02-14T14:27:01+05:00" level=info msg="create router" func="main.main()" file="app.go:22"
time="2024-02-14T14:27:01+05:00" level=info msg="read application configuration" func="github.com/hudayberdipolat/rest-api-tutorial/internal/config.GetConfig.func1()" file="config.go:25"
time="2024-02-14T14:27:01+05:00" level=info msg="read application configuration" func="github.com/hudayberdipolat/rest-api-tutorial/internal/config.GetConfig.func1()" file="config.go:25"
time="2024-02-14T14:27:01+05:00" level=info func="github.com/hudayberdipolat/rest-api-tutorial/internal/config.GetConfig.func1()" file="config.go:29"
time="2024-02-14T14:27:01+05:00" level=info func="github.com/hudayberdipolat/rest-api-tutorial/internal/config.GetConfig.func1()" file="config.go:29"
time="2024-02-14T14:27:01+05:00" level=fatal msg="open config.yml: no such file or directory" func="github.com/hudayberdipolat/rest-api-tutorial/internal/config.GetConfig.func1()" file="config.go:30"
time="2024-02-14T14:27:01+05:00" level=fatal msg="open config.yml: no such file or directory" func="github.com/hudayberdipolat/rest-api-tutorial/internal/config.GetConfig.func1()" file="config.go:30"
time="2024-02-14T14:29:53+05:00" level=info msg=------------------------------------------------- func="main.main()" file="app.go:21"
time="2024-02-14T14:29:53+05:00" level=info msg=------------------------------------------------- func="main.main()" file="app.go:21"
time="2024-02-14T14:29:53+05:00" level=info msg="create router" func="main.main()" file="app.go:22"
time="2024-02-14T14:29:53+05:00" level=info msg="create router" func="main.main()" file="app.go:22"
time="2024-02-14T14:29:53+05:00" level=info msg="read application configuration" func="github.com/hudayberdipolat/rest-api-tutorial/internal/config.GetConfig.func1()" file="config.go:25"
time="2024-02-14T14:29:53+05:00" level=info msg="read application configuration" func="github.com/hudayberdipolat/rest-api-tutorial/internal/config.GetConfig.func1()" file="config.go:25"
time="2024-02-14T14:29:53+05:00" level=info msg="register user handler" func="main.main()" file="app.go:27"
time="2024-02-14T14:29:53+05:00" level=info msg="register user handler" func="main.main()" file="app.go:27"
time="2024-02-14T14:29:53+05:00" level=info msg="start application" func="main.start()" file="app.go:36"
time="2024-02-14T14:29:53+05:00" level=info msg="start application" func="main.start()" file="app.go:36"
time="2024-02-14T14:29:53+05:00" level=info msg="listen tcp" func="main.start()" file="app.go:52"
time="2024-02-14T14:29:53+05:00" level=info msg="listen tcp" func="main.start()" file="app.go:52"
time="2024-02-14T14:29:53+05:00" level=info msg="server is listening port 0.0.0.0:3000" func="main.start()" file="app.go:65"
time="2024-02-14T14:29:53+05:00" level=info msg="server is listening port 0.0.0.0:3000" func="main.start()" file="app.go:65"
time="2024-02-14T14:38:17+05:00" level=info msg=------------------------------------------------- func="main.main()" file="app.go:21"
time="2024-02-14T14:38:17+05:00" level=info msg=------------------------------------------------- func="main.main()" file="app.go:21"
time="2024-02-14T14:38:17+05:00" level=info msg="create router" func="main.main()" file="app.go:22"
time="2024-02-14T14:38:17+05:00" level=info msg="create router" func="main.main()" file="app.go:22"
time="2024-02-14T14:38:17+05:00" level=info msg="read application configuration" func="github.com/hudayberdipolat/rest-api-tutorial/internal/config.GetConfig.func1()" file="config.go:25"
time="2024-02-14T14:38:17+05:00" level=info msg="read application configuration" func="github.com/hudayberdipolat/rest-api-tutorial/internal/config.GetConfig.func1()" file="config.go:25"
time="2024-02-14T14:38:17+05:00" level=info msg="register user handler" func="main.main()" file="app.go:27"
time="2024-02-14T14:38:17+05:00" level=info msg="register user handler" func="main.main()" file="app.go:27"
time="2024-02-14T14:38:17+05:00" level=info msg="start application" func="main.start()" file="app.go:36"
time="2024-02-14T14:38:17+05:00" level=info msg="start application" func="main.start()" file="app.go:36"
time="2024-02-14T14:38:17+05:00" level=info msg="create socket" func="main.start()" file="app.go:46"
time="2024-02-14T14:38:17+05:00" level=info msg="create socket" func="main.start()" file="app.go:46"
time="2024-02-14T14:38:17+05:00" level=debug msg="socket path: /tmp/go-build2516882495/b001/exe/app.sock" func="main.start()" file="app.go:48"
time="2024-02-14T14:38:17+05:00" level=debug msg="socket path: /tmp/go-build2516882495/b001/exe/app.sock" func="main.start()" file="app.go:48"
time="2024-02-14T14:38:17+05:00" level=info msg="listen unix socket" func="main.start()" file="app.go:49"
time="2024-02-14T14:38:17+05:00" level=info msg="listen unix socket" func="main.start()" file="app.go:49"
time="2024-02-14T14:38:17+05:00" level=info msg="server is listening unix socket /tmp/go-build2516882495/b001/exe/app.sock " func="main.start()" file="app.go:51"
time="2024-02-14T14:38:17+05:00" level=info msg="server is listening unix socket /tmp/go-build2516882495/b001/exe/app.sock " func="main.start()" file="app.go:51"
